[01Jan2025 19:36:05.212] [main/INFO] [cpw.mods.modlauncher.Launcher/MODLAUNCHER]: ModLauncher running: args [--launchTarget, forgeserver, --fml.forgeVersion, 43.3.5, --fml.mcVersion, 1.19.2, --fml.forgeGroup, net.minecraftforge, --fml.mcpVersion, 20220805.130853]
[01Jan2025 19:36:05.216] [main/INFO] [cpw.mods.modlauncher.Launcher/MODLAUNCHER]: ModLauncher 10.0.8+10.0.8+main.0ef7e830 starting: java version 21.0.5 by Microsoft; OS Linux arch amd64 version 6.5.0-1025-azure
[01Jan2025 19:36:06.657] [main/INFO] [com.teampotato.redirector.Redirector/]: Redirector CoreMod initialized successfully!
[01Jan2025 19:36:06.721] [main/INFO] [mixin/]: SpongePowered MIXIN Subsystem Version=0.8.5 Source=union:/workspaces/MATABUELAS3000/servidor_minecraft/libraries/org/spongepowered/mixin/0.8.5/mixin-0.8.5.jar%2363!/ Service=ModLauncher Env=SERVER
[01Jan2025 19:36:06.910] [main/INFO] [MoreCrashInfoTransformerService/]: MoreCrashInfo TransformationService: ./tmp/MoreCrashInfo-Locator-1.19.2.jar
[01Jan2025 19:36:06.919] [main/INFO] [MoreCrashInfoTransformerService/]: Added ./tmp/MoreCrashInfo-Locator-1.19.2.jar to SERVICE with Rebuilt
[01Jan2025 19:36:06.972] [main/INFO] [MoreCrashInfoModLocator/]: Minecraft version 1.19.2 major 19
[01Jan2025 19:36:07.059] [main/INFO] [MoreCrashInfoModLocator/]: MoreCrashInfo ModLocator: /workspaces/MATABUELAS3000/servidor_minecraft/tmp/MoreCrashInfo-Core-1.19.2.jar
[01Jan2025 19:36:07.677] [main/WARN] [net.minecraftforge.fml.loading.moddiscovery.ModFileParser/LOADING]: Mod file /workspaces/MATABUELAS3000/servidor_minecraft/libraries/net/minecraftforge/fmlcore/1.19.2-43.3.5/fmlcore-1.19.2-43.3.5.jar is missing mods.toml file
[01Jan2025 19:36:07.679] [main/WARN] [net.minecraftforge.fml.loading.moddiscovery.ModFileParser/LOADING]: Mod file /workspaces/MATABUELAS3000/servidor_minecraft/libraries/net/minecraftforge/javafmllanguage/1.19.2-43.3.5/javafmllanguage-1.19.2-43.3.5.jar is missing mods.toml file
[01Jan2025 19:36:07.680] [main/WARN] [net.minecraftforge.fml.loading.moddiscovery.ModFileParser/LOADING]: Mod file /workspaces/MATABUELAS3000/servidor_minecraft/libraries/net/minecraftforge/lowcodelanguage/1.19.2-43.3.5/lowcodelanguage-1.19.2-43.3.5.jar is missing mods.toml file
[01Jan2025 19:36:07.681] [main/WARN] [net.minecraftforge.fml.loading.moddiscovery.ModFileParser/LOADING]: Mod file /workspaces/MATABUELAS3000/servidor_minecraft/libraries/net/minecraftforge/mclanguage/1.19.2-43.3.5/mclanguage-1.19.2-43.3.5.jar is missing mods.toml file
[01Jan2025 19:36:08.222] [main/WARN] [net.minecraftforge.jarjar.selection.JarSelector/]: Attempted to select two dependency jars from JarJar which have the same identification: Mod File:  and Mod File: . Using Mod File: 
[01Jan2025 19:36:08.225] [main/WARN] [net.minecraftforge.jarjar.selection.JarSelector/]: Attempted to select a dependency jar for JarJar which was passed in as source: architectury. Using Mod File: /workspaces/MATABUELAS3000/servidor_minecraft/mods/architectury-6.6.92-forge.jar
[01Jan2025 19:36:08.226] [main/INFO] [net.minecraftforge.fml.loading.moddiscovery.JarInJarDependencyLocator/]: Found 19 dependencies adding them to mods collection
[01Jan2025 19:36:13.321] [main/INFO] [mixin/]: Compatibility level set to JAVA_17
[01Jan2025 19:36:13.549] [main/ERROR] [mixin/]: Mixin config necronomicon.forge.mixins.json does not specify "minVersion" property
[01Jan2025 19:36:13.555] [main/ERROR] [mixin/]: Mixin config luna.mixins.json does not specify "minVersion" property
[01Jan2025 19:36:13.616] [main/ERROR] [mixin/]: Mixin config obsidianui.forge.mixins.json does not specify "minVersion" property
[01Jan2025 19:36:13.679] [main/ERROR] [mixin/]: Mixin config crashexploitfixer.mixins.json does not specify "minVersion" property
[01Jan2025 19:36:13.875] [main/INFO] [mixin/]: Successfully loaded Mixin Connector [ca.spottedleaf.starlight.mixin.MixinConnector]
[01Jan2025 19:36:13.881] [main/INFO] [mixin/]: Successfully loaded Mixin Connector [com.aizistral.nochatreports.MixinConnector]
[01Jan2025 19:36:13.881] [main/INFO] [cpw.mods.modlauncher.LaunchServiceHandler/MODLAUNCHER]: Launching target 'forgeserver' with arguments []
[01Jan2025 19:36:13.984] [main/INFO] [ModernFix/]: Loaded configuration file for ModernFix 5.18.1+mc1.19.2: 87 options available, 1 override(s) found
[01Jan2025 19:36:13.985] [main/WARN] [ModernFix/]: Option 'mixin.bugfix.item_cache_flag' overriden (by mods [canary]) to 'false'
[01Jan2025 19:36:13.985] [main/INFO] [ModernFix/]: Applying Nashorn fix
[01Jan2025 19:36:14.004] [main/INFO] [ModernFix/]: Applied Forge config corruption patch
[01Jan2025 19:36:14.039] [main/WARN] [mixin/]: Reference map 'lmft-forge-refmap.json' for lmft.mixins.json could not be read. If this is a development environment you can ignore this message
[01Jan2025 19:36:14.061] [main/WARN] [mixin/]: Reference map 'createindustry.refmap.json' for createindustry.mixins.json could not be read. If this is a development environment you can ignore this message
[01Jan2025 19:36:14.081] [main/WARN] [mixin/]: Reference map 'create_questing.refmap.json' for create_questing.mixins.json could not be read. If this is a development environment you can ignore this message
[01Jan2025 19:36:14.111] [main/WARN] [mixin/]: Reference map 'EpheroLib-refmap.json' for epherolib.mixins.json could not be read. If this is a development environment you can ignore this message
[01Jan2025 19:36:14.114] [main/WARN] [mixin/]: Reference map 'tfmg.refmap.json' for design_decor.mixins.json could not be read. If this is a development environment you can ignore this message
[01Jan2025 19:36:14.137] [main/INFO] [com.teampotato.redirector.Redirector/]: Redirecting com/llamalad7/mixinextras/service/MixinExtrasVersion
[01Jan2025 19:36:14.268] [main/WARN] [mixin/]: Reference map 'fastpaintings-forge-refmap.json' for fastpaintings-forge.mixins.json could not be read. If this is a development environment you can ignore this message
[01Jan2025 19:36:14.297] [main/INFO] [com.teampotato.redirector.Redirector/]: Redirecting com/illusivesoulworks/polymorph/common/integration/PolymorphIntegrations$Mod
[01Jan2025 19:36:14.299] [main/INFO] [com.teampotato.redirector.Redirector/]: Redirecting com/illusivesoulworks/polymorph/common/integration/PolymorphIntegrations$Loader
[01Jan2025 19:36:14.351] [main/INFO] [Canary/]: Loaded configuration file for Canary: 117 options available, 0 override(s) found
[01Jan2025 19:36:14.426] [main/WARN] [mixin/]: Reference map 'createframed.refmap.json' for createframed.mixins.json could not be read. If this is a development environment you can ignore this message
[01Jan2025 19:36:14.429] [main/WARN] [mixin/]: Reference map 'create_mechanical_spawner.refmap.json' for create_mechanical_spawner.mixins.json could not be read. If this is a development environment you can ignore this message
[01Jan2025 19:36:14.486] [main/WARN] [mixin/]: Reference map 'create_crystal_clear.refmap.json' for create_crystal_clear.mixins.json could not be read. If this is a development environment you can ignore this message
[01Jan2025 19:36:14.489] [main/WARN] [mixin/]: Reference map 'createtipsy.refmap.json' for createtipsy.mixins.json could not be read. If this is a development environment you can ignore this message
[01Jan2025 19:36:14.548] [main/WARN] [mixin/]: Reference map 'coroutil.refmap.json' for coroutil.mixins.json could not be read. If this is a development environment you can ignore this message
[01Jan2025 19:36:14.557] [main/INFO] [necronomicon/]: File exists, reading config for elocindev.yosby.forge.config.YOSBYConfig.
[01Jan2025 19:36:14.558] [main/INFO] [necronomicon/]: Config for elocindev.yosby.forge.config.YOSBYConfig read successfully.
[01Jan2025 19:36:14.561] [main/WARN] [mixin/]: Reference map 'yosby.refmap.json' for yosby.mixins.json could not be read. If this is a development environment you can ignore this message
[01Jan2025 19:36:14.589] [main/INFO] [com.teampotato.redirector.Redirector/]: Redirecting malte0811/ferritecore/mixin/config/FerriteMixinConfig$LithiumSupportState
[01Jan2025 19:36:16.445] [main/WARN] [mixin/]: Error loading class: dev/latvian/mods/kubejs/recipe/RecipesEventJS (java.lang.ClassNotFoundException: dev.latvian.mods.kubejs.recipe.RecipesEventJS)
[01Jan2025 19:36:16.445] [main/WARN] [mixin/]: @Mixin target dev.latvian.mods.kubejs.recipe.RecipesEventJS was not found sliceanddice.mixins.json:RecipeEventJSMixin
[01Jan2025 19:36:16.696] [main/INFO] [com.teampotato.redirector.Redirector/]: Redirecting com/bawnorton/neruina/platform/ModLoader
[01Jan2025 19:36:16.736] [main/INFO] [net.minecraftforge.coremod.CoreMod.placebo/COREMODLOG]: Patching IForgeItemStack#getEnchantmentLevel
[01Jan2025 19:36:16.745] [main/INFO] [net.minecraftforge.coremod.CoreMod.placebo/COREMODLOG]: Patching IForgeItemStack#getEnchantmentLevel
[01Jan2025 19:36:16.798] [main/WARN] [mixin/]: Error loading class: net/minecraft/client/gui/screens/ShareToLanScreen (java.lang.ClassNotFoundException: net.minecraft.client.gui.screens.ShareToLanScreen)
[01Jan2025 19:36:16.798] [main/WARN] [mixin/]: @Mixin target net.minecraft.client.gui.screens.ShareToLanScreen was not found luna.mixins.json:LANMixin
[01Jan2025 19:36:17.069] [main/INFO] [com.cupboard.Cupboard/]: Loaded config for: recipeessentials.json
[01Jan2025 19:36:17.113] [main/INFO] [com.cupboard.Cupboard/]: Loaded config for: structureessentials.json
[01Jan2025 19:36:17.176] [main/INFO] [com.teampotato.redirector.Redirector/]: Redirecting com/railwayteam/railways/compat/Mods
[01Jan2025 19:36:17.389] [main/WARN] [mixin/]: Error loading class: me/jellysquid/mods/lithium/common/ai/pathing/PathNodeDefaults (java.lang.ClassNotFoundException: me.jellysquid.mods.lithium.common.ai.pathing.PathNodeDefaults)
[01Jan2025 19:36:17.414] [main/ERROR] [net.minecraftforge.fml.loading.RuntimeDistCleaner/DISTXFORM]: Attempted to load class com/simibubi/create/foundation/gui/AbstractSimiScreen for invalid dist DEDICATED_SERVER
[01Jan2025 19:36:17.416] [main/WARN] [mixin/]: Error loading class: com/simibubi/create/foundation/gui/AbstractSimiScreen (java.lang.RuntimeException: Attempted to load class com/simibubi/create/foundation/gui/AbstractSimiScreen for invalid dist DEDICATED_SERVER)
[01Jan2025 19:36:17.416] [main/WARN] [mixin/]: @Mixin target com.simibubi.create.foundation.gui.AbstractSimiScreen was not found create_connected.mixins.json:sequencedgearshift.AbstractSimiScreenAccessor
[01Jan2025 19:36:17.484] [main/ERROR] [net.minecraftforge.fml.loading.RuntimeDistCleaner/DISTXFORM]: Attempted to load class net/minecraft/client/gui/screens/multiplayer/ServerSelectionList for invalid dist DEDICATED_SERVER
[01Jan2025 19:36:17.490] [main/WARN] [mixin/]: Error loading class: net/minecraft/client/gui/screens/multiplayer/ServerSelectionList (java.lang.RuntimeException: Attempted to load class net/minecraft/client/gui/screens/multiplayer/ServerSelectionList for invalid dist DEDICATED_SERVER)
[01Jan2025 19:36:17.490] [main/WARN] [mixin/]: @Mixin target net.minecraft.client.gui.screens.multiplayer.ServerSelectionList was not found serverbrowser.mixins.json:ServerSelectionMixin
[01Jan2025 19:36:17.504] [main/WARN] [mixin/]: Error loading class: com/firemerald/additionalplacements/common/ConfigCommon (java.lang.ClassNotFoundException: com.firemerald.additionalplacements.common.ConfigCommon)
[01Jan2025 19:36:17.520] [main/WARN] [mixin/]: Error loading class: com/firemerald/additionalplacements/block/AdditionalPlacementBlock (java.lang.ClassNotFoundException: com.firemerald.additionalplacements.block.AdditionalPlacementBlock)
[01Jan2025 19:36:17.520] [main/WARN] [mixin/]: @Mixin target com.firemerald.additionalplacements.block.AdditionalPlacementBlock was not found copycats-common.mixins.json:compat.additionalplacements.PlacementBlockMixin
[01Jan2025 19:36:17.570] [main/WARN] [mixin/]: Error loading class: me/jellysquid/mods/lithium/common/ai/pathing/PathNodeDefaults (java.lang.ClassNotFoundException: me.jellysquid.mods.lithium.common.ai.pathing.PathNodeDefaults)
[01Jan2025 19:36:17.571] [main/WARN] [mixin/]: Error loading class: me/jellysquid/mods/sodium/client/render/chunk/compile/pipeline/BlockOcclusionCache (java.lang.ClassNotFoundException: me.jellysquid.mods.sodium.client.render.chunk.compile.pipeline.BlockOcclusionCache)
[01Jan2025 19:36:17.573] [main/WARN] [mixin/]: Error loading class: me/jellysquid/mods/sodium/client/render/pipeline/BlockRenderer (java.lang.ClassNotFoundException: me.jellysquid.mods.sodium.client.render.pipeline.BlockRenderer)
[01Jan2025 19:36:17.574] [main/WARN] [mixin/]: Error loading class: me/jellysquid/mods/sodium/client/world/WorldSlice (java.lang.ClassNotFoundException: me.jellysquid.mods.sodium.client.world.WorldSlice)
[01Jan2025 19:36:17.574] [main/WARN] [mixin/]: @Mixin target me.jellysquid.mods.sodium.client.world.WorldSlice was not found copycats-common.mixins.json:compat.rubidium.WorldSliceAccessor
[01Jan2025 19:36:17.586] [main/WARN] [mixin/]: Error loading class: cjminecraft/doubleslabs/common/config/DSConfig$Common (java.lang.ClassNotFoundException: cjminecraft.doubleslabs.common.config.DSConfig$Common)
